1579441460.921999 client started (38012): socket /private/tmp/tmate-501/pHeFEV, protocol 8
1579441460.922076 on Darwin 18.7.0 Darwin Kernel Version 18.7.0: Tue Aug 20 16:57:14 PDT 2019; root:xnu-4903.271.2~2/RELEASE_X86_64; libevent 2.1.8-stable (kqueue)
1579441460.922148 socket is /private/tmp/tmate-501/pHeFEV
1579441460.922173 trying connect
1579441460.922200 connect failed: No such file or directory
1579441460.922481 lock file is /private/tmp/tmate-501/pHeFEV.lock
1579441460.922577 flock succeeded
1579441460.922589 got lock (5)
1579441460.922600 trying connect
1579441460.922618 connect failed: No such file or directory
1579441460.923140 add peer 0x103fe4000: 6 (0x0)
1579441460.924593 sending message 100 to peer 0x103fe4000 (4 bytes)
1579441460.924626 sending message 101 to peer 0x103fe4000 (15 bytes)
1579441460.924638 sending message 102 to peer 0x103fe4000 (13 bytes)
1579441460.924648 sending message 108 to peer 0x103fe4000 (31 bytes)
1579441460.924668 sending message 104 to peer 0x103fe4000 (0 bytes)
1579441460.924678 sending message 107 to peer 0x103fe4000 (4 bytes)
1579441460.924689 sending message 105 to peer 0x103fe4000 (60 bytes)
1579441460.924703 sending message 105 to peer 0x103fe4000 (66 bytes)
1579441460.924715 sending message 105 to peer 0x103fe4000 (76 bytes)
1579441460.924726 sending message 105 to peer 0x103fe4000 (14 bytes)
1579441460.924734 sending message 105 to peer 0x103fe4000 (22 bytes)
1579441460.924743 sending message 105 to peer 0x103fe4000 (14 bytes)
1579441460.924753 sending message 105 to peer 0x103fe4000 (35 bytes)
1579441460.924763 sending message 105 to peer 0x103fe4000 (15 bytes)
1579441460.924773 sending message 105 to peer 0x103fe4000 (27 bytes)
1579441460.924784 sending message 105 to peer 0x103fe4000 (23 bytes)
1579441460.924796 sending message 105 to peer 0x103fe4000 (470 bytes)
1579441460.924806 sending message 105 to peer 0x103fe4000 (20 bytes)
1579441460.924815 sending message 105 to peer 0x103fe4000 (20 bytes)
1579441460.924824 sending message 105 to peer 0x103fe4000 (20 bytes)
1579441460.924834 sending message 105 to peer 0x103fe4000 (57 bytes)
1579441460.924845 sending message 105 to peer 0x103fe4000 (13 bytes)
1579441460.924859 sending message 105 to peer 0x103fe4000 (19 bytes)
1579441460.924870 sending message 105 to peer 0x103fe4000 (16 bytes)
1579441460.924881 sending message 105 to peer 0x103fe4000 (33 bytes)
1579441460.924892 sending message 105 to peer 0x103fe4000 (61 bytes)
1579441460.924900 sending message 105 to peer 0x103fe4000 (8 bytes)
1579441460.924910 sending message 105 to peer 0x103fe4000 (22 bytes)
1579441460.924942 sending message 105 to peer 0x103fe4000 (30 bytes)
1579441460.924955 sending message 105 to peer 0x103fe4000 (11 bytes)
1579441460.924967 sending message 105 to peer 0x103fe4000 (8 bytes)
1579441460.924975 sending message 105 to peer 0x103fe4000 (32 bytes)
1579441460.924988 sending message 105 to peer 0x103fe4000 (15 bytes)
1579441460.924997 sending message 105 to peer 0x103fe4000 (26 bytes)
1579441460.925007 sending message 105 to peer 0x103fe4000 (29 bytes)
1579441460.925017 sending message 105 to peer 0x103fe4000 (37 bytes)
1579441460.925027 sending message 105 to peer 0x103fe4000 (20 bytes)
1579441460.925039 sending message 105 to peer 0x103fe4000 (17 bytes)
1579441460.925049 sending message 105 to peer 0x103fe4000 (22 bytes)
1579441460.925060 sending message 105 to peer 0x103fe4000 (20 bytes)
1579441460.925069 sending message 105 to peer 0x103fe4000 (29 bytes)
1579441460.925081 sending message 105 to peer 0x103fe4000 (45 bytes)
1579441460.925093 sending message 105 to peer 0x103fe4000 (88 bytes)
1579441460.925105 sending message 105 to peer 0x103fe4000 (51 bytes)
1579441460.925117 sending message 105 to peer 0x103fe4000 (51 bytes)
1579441460.925127 sending message 105 to peer 0x103fe4000 (24 bytes)
1579441460.925136 sending message 105 to peer 0x103fe4000 (35 bytes)
1579441460.925145 sending message 105 to peer 0x103fe4000 (7 bytes)
1579441460.925156 sending message 105 to peer 0x103fe4000 (11 bytes)
1579441460.925165 sending message 105 to peer 0x103fe4000 (43 bytes)
1579441460.925209 sending message 105 to peer 0x103fe4000 (14 bytes)
1579441460.925217 sending message 105 to peer 0x103fe4000 (20 bytes)
1579441460.925223 sending message 105 to peer 0x103fe4000 (14 bytes)
1579441460.925230 sending message 105 to peer 0x103fe4000 (15 bytes)
1579441460.925237 sending message 105 to peer 0x103fe4000 (27 bytes)
1579441460.925244 sending message 105 to peer 0x103fe4000 (18 bytes)
1579441460.925249 sending message 105 to peer 0x103fe4000 (14 bytes)
1579441460.925255 sending message 105 to peer 0x103fe4000 (18 bytes)
1579441460.925264 sending message 105 to peer 0x103fe4000 (20 bytes)
1579441460.925270 sending message 105 to peer 0x103fe4000 (11 bytes)
1579441460.925276 sending message 105 to peer 0x103fe4000 (16 bytes)
1579441460.925283 sending message 105 to peer 0x103fe4000 (15 bytes)
1579441460.925289 sending message 105 to peer 0x103fe4000 (15 bytes)
1579441460.925296 sending message 105 to peer 0x103fe4000 (15 bytes)
1579441460.925303 sending message 105 to peer 0x103fe4000 (23 bytes)
1579441460.925310 sending message 105 to peer 0x103fe4000 (15 bytes)
1579441460.925317 sending message 105 to peer 0x103fe4000 (17 bytes)
1579441460.925324 sending message 105 to peer 0x103fe4000 (9 bytes)
1579441460.925331 sending message 105 to peer 0x103fe4000 (17 bytes)
1579441460.925336 sending message 105 to peer 0x103fe4000 (14 bytes)
1579441460.925342 sending message 105 to peer 0x103fe4000 (18 bytes)
1579441460.925348 sending message 105 to peer 0x103fe4000 (10 bytes)
1579441460.925355 sending message 105 to peer 0x103fe4000 (37 bytes)
1579441460.925361 sending message 105 to peer 0x103fe4000 (22 bytes)
1579441460.925368 sending message 105 to peer 0x103fe4000 (29 bytes)
1579441460.925374 sending message 105 to peer 0x103fe4000 (23 bytes)
1579441460.925381 sending message 106 to peer 0x103fe4000 (0 bytes)
1579441460.925392 sending message 200 to peer 0x103fe4000 (4 bytes)
1579441460.925400 client loop enter
1579441460.938771 peer 0x103fe4000 message 207
1579441460.938788 sending message 208 to peer 0x103fe4000 (0 bytes)
1579441541.050421 peer 0x103fe4000 message 203
1579441541.050451 sending message 205 to peer 0x103fe4000 (0 bytes)
1579441541.050710 peer 0x103fe4000 message 204
1579441541.050734 client loop exit
